<?xml version="1.0" encoding="UTF-8"?>
<!-- Generated by org.testng.reporters.JUnitReportReporter -->
<testsuite hostname="DESKTOP-DMG3718" failures="0" tests="1" name="com.automation.testcase.LoginTest" time="30.331" errors="0" timestamp="2020-11-23T12:03:23 IST" skipped="0">
  <testcase classname="com.automation.testcase.LoginTest" name="loginApp" time="30.331"/>
  <system-out/>
</testsuite> <!-- com.automation.testcase.LoginTest -->
